2025-04-10 20:33:05 - root - INFO - setup_class
2025-04-10 20:33:05 - root - INFO - class created, 50 rows to read
2025-04-10 20:33:05 - root - INFO - Testing import_data (50, 15): SUCCESS
2025-04-10 20:33:05 - root - INFO - perform split data: SUCCESS
2025-04-10 20:33:05 - root - INFO - train has a shape of (40, 15)
2025-04-10 20:33:05 - root - INFO - test has a shape of (10, 15)
2025-04-10 20:33:05 - root - INFO - test_process_data : X_train shape (40, 56), y_train shape (40,)
2025-04-10 20:33:05 - root - INFO - process data - Train: SUCCESS
2025-04-10 20:33:05 - root - INFO - process data - Test: SUCCESS
2025-04-10 20:33:05 - root - INFO - test_train_model : X_train shape (40, 56), y_train shape (40,)
2025-04-10 20:33:06 - root - INFO - Training model : SUCCESS
2025-04-10 20:33:06 - root - INFO - Test save data split: FAILURE
2025-04-10 20:33:06 - root - INFO - Saving Model: SUCCESS
2025-04-10 20:33:06 - root - ERROR - Saving Model: FAILURE TEST success
2025-04-10 20:33:06 - root - ERROR - Make inference : SUCCESS
2025-04-10 20:33:06 - root - ERROR - Metrics compute : SUCCESS
2025-04-10 20:33:07 - root - INFO - Teardown_class
2025-04-10 20:33:07 - root - INFO - Input data:    age  workclass  fnlgt  ... hours-per-week  native-country salary
0   39  State-gov  77516  ...             40   United-States   None

[1 rows x 15 columns]
2025-04-10 20:33:07 - root - INFO - Prediction: {'Salary prediction': np.str_('<=50K')}
